Ticket[811] cannot stop jobnet

Test_cases:
--------------------------------------------------
Testcase_NO: 46
Testcase_DES: Check Abort process abort the Job icon (with waiting for file creation option ON) or not
Status: PASSED
Logs:
20241015083900 [INFO] [46] running...
20241015083900 [INFO] [46] `ja_run_jobnet_table` is cleaned.
20241015083901 [INFO] [46] TICKET811_Jobnet has been successfully run with registry number: 1600000000000000040
20241015083905 [INFO] [46] Process count has reached 1
20241015083905 [INFO] [46] Jobnet is being aborted...
20241015083911 [INFO] [46] Process count has reached 0
20241015083917 [INFO] [46] TICKET811_Jobnet with registry number 1600000000000000040 is completed.
20241015083917 [INFO] [46] There is no zombie process.
20241015083917 [INFO] [46] Jobnet_status: ENDERR, Job_status: ERROR, Exit_cd: -1
20241015083917 [INFO] [46] finished!
--------------------------------------------------
Testcase_NO: 47
Testcase_DES: Check Abort process abort the job icon or not
Status: PASSED
Logs:
20241015083917 [INFO] [47] running...
20241015083918 [INFO] [47] `ja_run_jobnet_table` is cleaned.
20241015083920 [INFO] [47] TICKET811_Jobnet_10 has been successfully run with registry number: 1600000000000000041
20241015083926 [INFO] [47] Process count has reached 10
20241015083926 [INFO] [47] Jobnet is being aborted...
20241015083934 [INFO] [47] Process count has reached 0
20241015083943 [INFO] [47] TICKET811_Jobnet_10 with registry number 1600000000000000041 is completed.
20241015083943 [INFO] [47] There is no zombie process.
20241015083943 [INFO] [47] Jobnet_status: ENDERR, Job_status: ERROR, Exit_cd: -1
20241015083943 [INFO] [47] finished!
--------------------------------------------------
