Ticket[844] Others

Test_cases:
--------------------------------------------------
Testcase_NO: 73
Testcase_DES: Agent Restart [Covered with Agent servive stop while 1000  parallel jobnets are running]
Status: PASSED
Logs:
20241014144611 [INFO] [73] running...
20241014144613 [INFO] [73] Info: Job has started running.
20241014144613 [INFO] [73] Info: Counting Job processes.
20241014144643 [INFO] [73] Info: Job process count met.
20241014144643 [INFO] [73] Info: Restarting Jobarranger Agent now.
20241014144645 [INFO] [73] Info: Jobarranger Agent has successfully restarted.
20241014144645 [INFO] [73] Info: Counting Job processes again...
20241014144645 [INFO] [73] Info: Total 0 Job process count met. Waiting for Jobnet to end with RUNERR.(Running Error)
20241014145157 [INFO] [73] Info: The job returns with Error. Success.
20241014145157 [INFO] [73] finished!
--------------------------------------------------

Total_result:
PASSED: 1, FAILED: 0, MUST_CHECK: 0
////////////////////////////////////////////////////////////////////////////////////////////////////////////////////////
