Ticket[811] cannot stop jobnet

Test_cases:
--------------------------------------------------
Testcase_NO: 46
Testcase_DES: Check Abort process abort the Job icon (with waiting for file creation option ON) or not
Status: PASSED
Logs:
20241014161711 [INFO] [46] running...
20241014161711 [INFO] [46] `ja_run_jobnet_table` is cleaned.
20241014161712 [INFO] [46] TICKET811_Jobnet has been successfully run with registry number: 1600000000000000031
20241014161717 [INFO] [46] Process count has reached 1
20241014161717 [INFO] [46] Jobnet is being aborted...
20241014161720 [INFO] [46] Process count has reached 0
20241014161730 [INFO] [46] TICKET811_Jobnet with registry number 1600000000000000031 is completed.
20241014161731 [INFO] [46] There is no zombie process.
20241014161731 [INFO] [46] Jobnet_status: ENDERR, Job_status: ERROR, Exit_cd: -1
20241014161731 [INFO] [46] finished!
--------------------------------------------------
Testcase_NO: 47
Testcase_DES: Check Abort process abort the fwait icon (with waiting for file creation option ON) or not
Status: PASSED
Logs:
20241014161731 [INFO] [47] running...
20241014161731 [INFO] [47] `ja_run_jobnet_table` is cleaned.
20241014161732 [INFO] [47] TICKET811_Jobnet_10 has been successfully run with registry number: 1600000000000000032
20241014161741 [INFO] [47] Process count has reached 10
20241014161741 [INFO] [47] Jobnet is being aborted...
20241014161749 [INFO] [47] Process count has reached 0
20241014161757 [INFO] [47] TICKET811_Jobnet_10 with registry number 1600000000000000032 is completed.
20241014161757 [INFO] [47] There is no zombie process.
20241014161757 [INFO] [47] Jobnet_status: ENDERR, Job_status: ERROR, Exit_cd: -1
20241014161757 [INFO] [47] finished!
--------------------------------------------------
Testcase_NO: 48
Testcase_DES: Check Abort process abort the fwait icon (with waiting for file creation option ON) or not
Status: FAILED
Logs:
20241014161757 [INFO] [48] running...
20241014161758 [INFO] [48] `ja_run_jobnet_table` is cleaned.
20241014161758 [INFO] [48] TICKET811_Jobnet_100 has been successfully run with registry number: 1600000000000000033
20241014163259 [ERROR] [48] Error: timeout after 15 minutes, Failed to get process count.
20241014163259 [INFO] [48] finished!
--------------------------------------------------

Total_result:
PASSED: 2, FAILED: 1, MUST_CHECK: 0
////////////////////////////////////////////////////////////////////////////////////////////////////////////////////////
