Ticket[6969] My first simple ticket automation

Test_cases:
--------------------------------------------------
Testcase_NO: 6969
Testcase_DES: Sample testcase 1
Status: PASSED
Logs:
20241014113718 [INFO] [6969] running...
20241014113721 [INFO] [6969] Info: ● jobarg-agentd.service - Jobarranger Agent
     Loaded: loaded (/lib/systemd/system/jobarg-agentd.service; enabled; vendor preset: enabled)
     Active: active (running) since Mon 2024-10-14 11:37:24 +0630; 24ms ago
    Process: 124334 ExecStart=/usr/sbin/jobarg_agentd -c $CONFFILE (code=exited, status=0/SUCCESS)
   Main PID: 124336 (jobarg_agentd)
      Tasks: 8 (limit: 2226)
     Memory: 1.7M
        CPU: 17ms
     CGroup: /system.slice/jobarg-agentd.service
             ├─124336 /usr/sbin/jobarg_agentd -c /etc/jobarranger/jobarg_agentd.conf
             ├─124337 /usr/sbin/jobarg_agentd -c /etc/jobarranger/jobarg_agentd.conf
             ├─124338 /usr/sbin/jobarg_agentd -c /etc/jobarranger/jobarg_agentd.conf
             ├─124339 /usr/sbin/jobarg_agentd -c /etc/jobarranger/jobarg_agentd.conf
             ├─124340 /usr/sbin/jobarg_agentd -c /etc/jobarranger/jobarg_agentd.conf
             ├─124341 /usr/sbin/jobarg_agentd -c /etc/jobarranger/jobarg_agentd.conf
             ├─124342 /usr/sbin/jobarg_agentd -c /etc/jobarranger/jobarg_agentd.conf
             └─124343 /usr/sbin/jobarg_agentd -c /etc/jobarranger/jobarg_agentd.conf

Oct 14 11:37:24 oss.linux systemd[1]: Starting Jobarranger Agent...
Oct 14 11:37:24 oss.linux systemd[1]: jobarg-agentd.service: Can't open PID file /run/jobarranger/jobarg_agentd.pid (yet?) after start: Operation not permitted
Oct 14 11:37:24 oss.linux systemd[1]: Started Jobarranger Agent.

20241014113728 [INFO] [6969] finished!
--------------------------------------------------

Total_result:
PASSED: 1, FAILED: 0, MUST_CHECK: 0
////////////////////////////////////////////////////////////////////////////////////////////////////////////////////////
