Ticket[811] cannot stop jobnet

Test_cases:
--------------------------------------------------
Testcase_NO: 46
Testcase_DES: Check abort process for Job icon
Status: PASSED
Logs:
20241015141937 [INFO] [46] running...
20241015141959 [INFO] [46] `ja_run_jobnet_table` is cleaned.
20241015142001 [INFO] [46] Agent cleanup on Linux is completed.
20241015142008 [INFO] [46] jobarg-server and jobarg-agentd have been successfully restarted.
20241015142009 [INFO] [46] TICKET811_Jobnet has been successfully run with registry number: 1600000000000000075
20241015142014 [INFO] [46] Process count has reached 1
20241015142014 [INFO] [46] Jobnet is being aborted...
20241015142019 [INFO] [46] Process count has reached 0
20241015142027 [INFO] [46] TICKET811_Jobnet with registry number 1600000000000000075 is completed.
20241015142028 [INFO] [46] There is no zombie process.
20241015142028 [INFO] [46] Jobnet_status: ENDERR, Job_status: ERROR, Exit_cd: -1
20241015142028 [INFO] [46] finished!
--------------------------------------------------
Testcase_NO: 47
Testcase_DES: Check abort process for job icon with count 10
Status: PASSED
Logs:
20241015142028 [INFO] [47] running...
20241015142028 [INFO] [47] `ja_run_jobnet_table` is cleaned.
20241015142029 [INFO] [47] Agent cleanup on Linux is completed.
20241015142035 [INFO] [47] jobarg-server and jobarg-agentd have been successfully restarted.
20241015142036 [INFO] [47] TICKET811_Jobnet_10 has been successfully run with registry number: 1600000000000000076
20241015142044 [INFO] [47] Process count has reached 10
20241015142044 [INFO] [47] Jobnet is being aborted...
20241015142051 [INFO] [47] Process count has reached 0
20241015142059 [INFO] [47] TICKET811_Jobnet_10 with registry number 1600000000000000076 is completed.
20241015142059 [INFO] [47] There is no zombie process.
20241015142059 [INFO] [47] Jobnet_status: ENDERR, Job_status: ERROR, Exit_cd: -1
20241015142059 [INFO] [47] finished!
--------------------------------------------------
Testcase_NO: 48
Testcase_DES: Check abort process for job icon with count 100
Status: PASSED
Logs:
20241015142059 [INFO] [48] running...
20241015142059 [INFO] [48] `ja_run_jobnet_table` is cleaned.
20241015142059 [INFO] [48] Agent cleanup on Linux is completed.
20241015142105 [INFO] [48] jobarg-server and jobarg-agentd have been successfully restarted.
20241015142106 [INFO] [48] TICKET811_Jobnet_100 has been successfully run with registry number: 1600000000000000077
20241015142137 [INFO] [48] Process count has reached 100
20241015142137 [INFO] [48] Jobnet is being aborted...
20241015142217 [INFO] [48] Process count has reached 0
20241015142229 [INFO] [48] TICKET811_Jobnet_100 with registry number 1600000000000000077 is completed.
20241015142229 [INFO] [48] There is no zombie process.
20241015142229 [INFO] [48] Jobnet_status: ENDERR, Job_status: ERROR, Exit_cd: -1
20241015142229 [INFO] [48] finished!
--------------------------------------------------
Testcase_NO: 49
Testcase_DES: Check abort process for job icon with count 400
Status: PASSED
Logs:
20241015142229 [INFO] [49] running...
20241015142230 [INFO] [49] `ja_run_jobnet_table` is cleaned.
20241015142230 [INFO] [49] Agent cleanup on Linux is completed.
20241015142235 [INFO] [49] jobarg-server and jobarg-agentd have been successfully restarted.
20241015142237 [INFO] [49] TICKET811_Jobnet_400 has been successfully run with registry number: 1600000000000000078
20241015142540 [INFO] [49] Process count has reached 400
20241015142540 [INFO] [49] Jobnet is being aborted...
20241015142857 [INFO] [49] Process count has reached 0
20241015142912 [INFO] [49] TICKET811_Jobnet_400 with registry number 1600000000000000078 is completed.
20241015142912 [INFO] [49] There is no zombie process.
20241015142912 [INFO] [49] Jobnet_status: ENDERR, Job_status: ERROR, Exit_cd: -1
20241015142912 [INFO] [49] finished!
--------------------------------------------------
