Ticket[1318] Fixed for negative JOB_EXT_CD return value.
PASSED: 2, FAILED: 1, MUST_CHECK: 0

-------------------------><-------------------------
Testcase_NO: 168
Testcase_DES: Normal Case with ExtUnsignedFlag=0, Windows agent
Status: PASSED
Logs:
20240924232506, [INFO] Test_case no[168], running...
20240924232515, [INFO] Test_case no[168], finished!
-------------------------><-------------------------
Testcase_NO: 169
Testcase_DES: Normal Case with ExtUnsignedFlag=1, Windows agent
Status: FAILED
Logs:
20240924232515, [INFO] Test_case no[169], running...
20240924232524, [ERROR] Test_case no[169], Jobnet_status: END, Job_status: NORMAL, Exit_cd: -100000
20240924232524, [INFO] Test_case no[169], finished!
-------------------------><-------------------------
Testcase_NO: 170
Testcase_DES: Default Case Check. Linux AGENT
Status: PASSED
Logs:
20240924232524, [INFO] Test_case no[170], running...
20240924232530, [INFO] Test_case no[170], finished!

||||||||||||||||||||||||||||||||||||||||||||||||||||||||||||X||||||||||||||||||||||||||||||||||||||||||||||||||||||||||||