Ticket[844] Others

Test_cases:
--------------------------------------------------
Testcase_NO: 73
Testcase_DES: Agent Restart [Covered with Agent servive stop while 1000  parallel jobnets are running]
Status: FAILED
Logs:
20241014170459 [INFO] [73] running...
20241014170501 [INFO] [73] Info: Job has start running.
20241014170501 [INFO] [73] Info: Counting Job processes.
20241014171501 [ERROR] [73] Error: Failed at counting required process count. timeout after 10 minutes
20241014171501 [INFO] [73] finished!
--------------------------------------------------
Testcase_NO: 75
Testcase_DES: Agent Restart [Covered with Agent servive stop while 1000  parallel jobnets are running]
Status: FAILED
Logs:
20241014171501 [INFO] [75] running...
20241014171502 [INFO] [75] Info: Job has start running.
20241014171502 [INFO] [75] Info: Getting Jobnet Info.
20241014171505 [ERROR] [75] Error: Failted at getting jobnet run info. strconv.ParseInt: parsing "": invalid syntax. Jobnet Management Id: 1600000000000000002 
20241014171505 [INFO] [75] finished!
--------------------------------------------------

Total_result:
PASSED: 0, FAILED: 2, MUST_CHECK: 0
////////////////////////////////////////////////////////////////////////////////////////////////////////////////////////
