Ticket[1318] Fixed for negative JOB_EXT_CD return value.

Test_cases:
--------------------------------------------------
Testcase_NO: 168
Testcase_DES: Normal Case with ExtUnsignedFlag=0, Windows agent
Status: FAILED
Logs:
20241009112231 [INFO] [168] running...
20241009112231 [ERROR] [168] Failed to restart windows service. Error: Access is denied.
20241009112231 [INFO] [168] finished!
--------------------------------------------------
Testcase_NO: 169
Testcase_DES: Normal Case with ExtUnsignedFlag=1, Windows agent
Status: FAILED
Logs:
20241009112231 [INFO] [169] running...
20241009112231 [ERROR] [169] Failed to restart windows service. Error: Access is denied.
20241009112231 [INFO] [169] finished!
--------------------------------------------------
Testcase_NO: 170
Testcase_DES: Default Case Check. Linux AGENT
Status: PASSED
Logs:
20241009112231 [INFO] [170] running...
20241009112240 [INFO] [170] finished!
--------------------------------------------------

Total_result:
PASSED: 1, FAILED: 2, MUST_CHECK: 0
////////////////////////////////////////////////////////////////////////////////////////////////////////////////////////
Ticket[1] Enter your ticket description here.

Test_cases:
--------------------------------------------------
Testcase_NO: 1
Testcase_DES: Enter your test case description here.
Status: FAILED
Logs:
20241009112240 [INFO] [1] running...
20241009112240 [INFO] [1] finished!
--------------------------------------------------
Testcase_NO: 2
Testcase_DES: Enter your test case description here.
Status: PASSED
Logs:
20241009112240 [INFO] [2] running...
20241009112240 [INFO] [2] finished!
--------------------------------------------------

Total_result:
PASSED: 1, FAILED: 1, MUST_CHECK: 0
////////////////////////////////////////////////////////////////////////////////////////////////////////////////////////
