Ticket[1] Enter your ticket description here.

Test_cases:
--------------------------------------------------
Testcase_NO: 1
Testcase_DES: Enter your test case description here.
Status: FAILED
Logs:
20241009161630 [INFO] [1] running...
20241009161630 [INFO] [1] finished!
--------------------------------------------------
Testcase_NO: 2
Testcase_DES: 2 Enter your test case description here.
Status: PASSED
Logs:
20241009161630 [INFO] [2] running...
20241009161630 [INFO] [2] finished!
--------------------------------------------------

Total_result:
PASSED: 1, FAILED: 1, MUST_CHECK: 0
////////////////////////////////////////////////////////////////////////////////////////////////////////////////////////
