Ticket[1318] Fixed for negative JOB_EXT_CD return value.
PASSED: 2, FAILED: 1, MUST_CHECK: 0

-------------------------><-------------------------
Testcase_NO: 168
Testcase_DES: Normal Case with ExtUnsignedFlag=0, Windows agent
Status: PASSED
Logs:
20240926224955, [INFO] Test_case no[168], running...
20240926225007, [INFO] Test_case no[168], finished!
-------------------------><-------------------------
Testcase_NO: 169
Testcase_DES: Normal Case with ExtUnsignedFlag=1, Windows agent
Status: FAILED
Logs:
20240926225007, [INFO] Test_case no[169], running...
20240926225019, [ERROR] Test_case no[169], Jobnet_status: END, Job_status: NORMAL, Exit_cd: -100000
20240926225019, [INFO] Test_case no[169], finished!
-------------------------><-------------------------
Testcase_NO: 170
Testcase_DES: Default Case Check. Linux AGENT
Status: PASSED
Logs:
20240926225019, [INFO] Test_case no[170], running...
20240926225033, [INFO] Test_case no[170], finished!

||||||||||||||||||||||||||||||||||||||||||||||||||||||||||||X||||||||||||||||||||||||||||||||||||||||||||||||||||||||||||

Ticket[0] Enter your ticket description here.
PASSED: 0, FAILED: 1, MUST_CHECK: 0

-------------------------><-------------------------
Testcase_NO: 0
Testcase_DES: Enter your test case description here.
Status: FAILED
Logs:
20240926225033, [INFO] Test_case no[0], running...
20240926225033, [INFO] Test_case no[0], finished!

||||||||||||||||||||||||||||||||||||||||||||||||||||||||||||X||||||||||||||||||||||||||||||||||||||||||||||||||||||||||||

