Ticket[1318] Fixed for negative JOB_EXT_CD return value.

Test_cases:
--------------------------------------------------
Testcase_NO: 168
Testcase_DES: Normal Case with ExtUnsignedFlag=0, Windows agent
Status: PASSED
Logs:
20241014165946 [INFO] [168] running...
20241014165953 [INFO] [168] finished!
--------------------------------------------------
Testcase_NO: 169
Testcase_DES: Normal Case with ExtUnsignedFlag=1, Windows agent
Status: FAILED
Logs:
20241014165953 [INFO] [169] running...
20241014170001 [ERROR] [169] Jobnet_status: END, Job_status: NORMAL, Exit_cd: -100000
20241014170001 [INFO] [169] finished!
--------------------------------------------------
Testcase_NO: 170
Testcase_DES: Default Case Check. Linux AGENT
Status: PASSED
Logs:
20241014170001 [INFO] [170] running...
20241014170013 [INFO] [170] finished!
--------------------------------------------------

Total_result:
PASSED: 2, FAILED: 1, MUST_CHECK: 0
////////////////////////////////////////////////////////////////////////////////////////////////////////////////////////
