Ticket[1318] Fixed for negative JOB_EXT_CD return value.
PASSED: 1, FAILED: 2, MUST_CHECK: 0
--------------------------------------------------
Testcase_NO: 168
Testcase_DES: Normal Case with ExtUnsignedFlag=0, Windows agent
Status: FAILED
Logs:
20241004234815 [INFO] [168] running...
20241004234815 [ERROR] [168] Failed to restart windows service. Error: Access is denied.
20241004234815 [INFO] [168] finished!
--------------------------------------------------
Testcase_NO: 169
Testcase_DES: Normal Case with ExtUnsignedFlag=1, Windows agent
Status: FAILED
Logs:
20241004234815 [INFO] [169] running...
20241004234815 [ERROR] [169] Failed to restart windows service. Error: Access is denied.
20241004234815 [INFO] [169] finished!
--------------------------------------------------
Testcase_NO: 170
Testcase_DES: Default Case Check. Linux AGENT
Status: PASSED
Logs:
20241004234815 [INFO] [170] running...
20241004234826 [INFO] [170] finished!
////////////////////////////////////////////////////////////////////////////////////////////////////////////////////////
Ticket[1] Enter your ticket description here.
PASSED: 0, FAILED: 1, MUST_CHECK: 0
--------------------------------------------------
Testcase_NO: 0
Testcase_DES: Enter your test case description here.
Status: FAILED
Logs:
20241004234826 [INFO] [0] running...
20241004234826 [INFO] [0] finished!
////////////////////////////////////////////////////////////////////////////////////////////////////////////////////////
