Ticket[811] cannot stop jobnet

Test_cases:
--------------------------------------------------
Testcase_NO: 1
Testcase_DES: Check abort process for job icon with count 10
Status: FAILED
Logs:
20241015155134 [INFO] [1] running...
20241015155138 [INFO] [1] `ja_run_jobnet_table` is cleaned.
20241015155139 [ERROR] [1] Error: Process exited with status 1, Failed to clean up agent on Linux.
20241015155139 [INFO] [1] finished!
--------------------------------------------------
Testcase_NO: 2
Testcase_DES: Check abort process for job icon with count 100
Status: PASSED
Logs:
20241015155139 [INFO] [2] running...
20241015155139 [INFO] [2] `ja_run_jobnet_table` is cleaned.
20241015155140 [INFO] [2] Agent cleanup on Linux is completed.
20241015155147 [INFO] [2] jobarg-server and jobarg-agentd have been successfully restarted.
20241015155148 [INFO] [2] TICKET811_Jobnet_200 has been successfully run with registry number: 1600000000000000081
20241015155303 [INFO] [2] Process count has reached 200
20241015155303 [INFO] [2] Jobnet is being aborted...
20241015155429 [INFO] [2] Process count has reached 0
20241015155440 [INFO] [2] TICKET811_Jobnet_200 with registry number 1600000000000000081 is completed.
20241015155440 [INFO] [2] There is no zombie process.
20241015155440 [INFO] [2] Jobnet_status: ENDERR, Job_status: ERROR, Exit_cd: -1
20241015155440 [INFO] [2] finished!
--------------------------------------------------
